<?xml version="1.0" encoding="UTF-8"?>
<!-- Generated by org.testng.reporters.JUnitXMLReporter -->
<testsuite ignored="0" hostname="LAPTOP-D66QITOR" failures="0" tests="2" name="Test-Runner-1" time="55.903" errors="0" timestamp="2023-09-25T15:15:01 IST">
  <testcase classname="organziationTests.CreateOrganizationWithIndustryTest" name="createOrganizationWithIndustryTest" time="23.403"/>
  <testcase classname="organziationTests.CreateOrganizationWithIndustryTest" name="demo" time="0.01"/>
</testsuite> <!-- Test-Runner-1 -->
