<?xml version="1.0" encoding="UTF-8"?>
<!-- Generated by org.testng.reporters.JUnitXMLReporter -->
<testsuite ignored="0" hostname="LAPTOP-D66QITOR" failures="0" tests="1" name="Test-runner-edge" time="62.54" errors="0" timestamp="2023-09-25T18:31:01 IST">
  <testcase classname="contactTests.CreateContactWithOrganizationTest" name="createContactWithOrganizationTest" time="45.939"/>
</testsuite> <!-- Test-runner-edge -->
