<?xml version="1.0" encoding="UTF-8"?>
<!-- Generated by org.testng.reporters.JUnitReportReporter -->
<testsuite hostname="LAPTOP-D66QITOR" failures="0" tests="1" name="contactTests.CreateContactWithOrganizationTest" time="27.540" errors="0" timestamp="2023-10-21T21:21:35 IST" skipped="0">
  <testcase classname="contactTests.CreateContactWithOrganizationTest" name="createContactWithOrganizationTest" time="27.540"/>
  <system-out>
    <![CDATA[Clicked on Organizations Link
Clicked on Organizations Lookup Image
Organization created
Clicked on Contacts Link
Clicked on Contacts Lookup Image
Contact created]]>
  </system-out>
</testsuite> <!-- contactTests.CreateContactWithOrganizationTest -->
