<?xml version="1.0" encoding="UTF-8"?>
<!-- Generated by org.testng.reporters.JUnitReportReporter -->
<testsuite hostname="LAPTOP-D66QITOR" failures="0" tests="2" name="contactTests.CreateContactWithOrganizationTest" time="16.950" errors="0" timestamp="2023-10-04T21:50:36 IST" skipped="0">
  <testcase classname="contactTests.CreateContactWithOrganizationTest" name="demo" time="2.196"/>
  <system-out/>
  <testcase classname="contactTests.CreateContactWithOrganizationTest" name="createContactWithOrganizationTest" time="14.754"/>
  <system-out>
    <![CDATA[Clicked on Organizations Link
Clicked on Organizations Lookup Image
Organization created
Clicked on Contacts Link
Clicked on Contacts Lookup Image
Contact created]]>
  </system-out>
</testsuite> <!-- contactTests.CreateContactWithOrganizationTest -->
