<?xml version="1.0" encoding="UTF-8"?>
<!-- Generated by org.testng.reporters.JUnitReportReporter -->
<testsuite hostname="LAPTOP-D66QITOR" failures="0" tests="5" name="organziationTests.CreateMultileOrgWithIndustry" time="132.257" errors="0" timestamp="2023-09-23T22:55:32 IST" skipped="0">
  <testcase classname="organziationTests.CreateMultileOrgWithIndustry" name="createMultipleOrg" time="27.798"/>
  <system-out/>
  <testcase classname="organziationTests.CreateMultileOrgWithIndustry" name="createMultipleOrg" time="27.470"/>
  <system-out/>
  <testcase classname="organziationTests.CreateMultileOrgWithIndustry" name="createMultipleOrg" time="24.763"/>
  <system-out/>
  <testcase classname="organziationTests.CreateMultileOrgWithIndustry" name="createMultipleOrg" time="25.457"/>
  <system-out/>
  <testcase classname="organziationTests.CreateMultileOrgWithIndustry" name="createMultipleOrg" time="26.769"/>
  <system-out/>
</testsuite> <!-- organziationTests.CreateMultileOrgWithIndustry -->
