<?xml version="1.0" encoding="UTF-8"?>
<!-- Generated by org.testng.reporters.JUnitReportReporter -->
<testsuite hostname="LAPTOP-D66QITOR" failures="0" tests="2" name="organziationTests.CreateOrganizationWithIndustryTest" time="25.384" errors="0" timestamp="2023-09-29T13:56:28 IST" skipped="0">
  <testcase classname="organziationTests.CreateOrganizationWithIndustryTest" name="createOrganizationWithIndustryTest" time="20.080"/>
  <system-out/>
  <testcase classname="organziationTests.CreateOrganizationWithIndustryTest" name="demo" time="5.304"/>
  <system-out/>
</testsuite> <!-- organziationTests.CreateOrganizationWithIndustryTest -->
