<?xml version="1.0" encoding="UTF-8"?>
<!-- Generated by org.testng.reporters.JUnitReportReporter -->
<testsuite hostname="LAPTOP-D66QITOR" failures="0" tests="3" name="vtigerpractice.TestNGPractice" time="0.009" errors="0" timestamp="2023-10-18T15:00:47 IST" skipped="0">
  <testcase classname="vtigerpractice.TestNGPractice" name="deleteContact" time="0.001"/>
  <system-out/>
  <testcase classname="vtigerpractice.TestNGPractice" name="createContact" time="0.007"/>
  <system-out/>
  <testcase classname="vtigerpractice.TestNGPractice" name="modifyContact" time="0.001"/>
  <system-out/>
</testsuite> <!-- vtigerpractice.TestNGPractice -->
