<?xml version="1.0" encoding="UTF-8"?>
<!-- Generated by org.testng.reporters.JUnitReportReporter -->
<testsuite hostname="LAPTOP-D66QITOR" failures="0" tests="4" name="vtigerpractice.DataProviderPractice" time="0.020" errors="0" timestamp="2023-09-20T13:46:05 IST" skipped="0">
  <testcase classname="vtigerpractice.DataProviderPractice" name="addProductToCart" time="0.017"/>
  <system-out/>
  <testcase classname="vtigerpractice.DataProviderPractice" name="addProductToCart" time="0.001"/>
  <system-out/>
  <testcase classname="vtigerpractice.DataProviderPractice" name="addProductToCart" time="0.001"/>
  <system-out/>
  <testcase classname="vtigerpractice.DataProviderPractice" name="addProductToCart" time="0.001"/>
  <system-out/>
</testsuite> <!-- vtigerpractice.DataProviderPractice -->
