<?xml version="1.0" encoding="UTF-8"?>
<!-- Generated by org.testng.reporters.JUnitReportReporter -->
<testsuite hostname="LAPTOP-D66QITOR" failures="0" tests="1" name="vtigerpractice.ReadDataFromCmdLine" time="0.011" errors="0" timestamp="2023-09-29T19:20:24 IST" skipped="0">
  <testcase classname="vtigerpractice.ReadDataFromCmdLine" name="readData" time="0.011"/>
  <system-out/>
</testsuite> <!-- vtigerpractice.ReadDataFromCmdLine -->
